<?xml version="1.0" encoding="UTF-8"?>
<testng-results skipped="0" failed="0" total="1" passed="1">
  <reporter-output>
  </reporter-output>
  <suite name="Surefire suite" duration-ms="50" started-at="2018-11-19T23:39:23Z" finished-at="2018-11-19T23:39:24Z">
    <groups>
    </groups>
    <test name="Surefire test" duration-ms="50" started-at="2018-11-19T23:39:23Z" finished-at="2018-11-19T23:39:24Z">
      <class name="JavaTesting.AppTest">
        <test-method status="PASS" signature="shouldAnswerWithTrue()[pri:0, instance:shouldAnswerWithTrue(JavaTesting.AppTest)]" name="shouldAnswerWithTrue" duration-ms="1" started-at="2018-11-19T18:39:24Z" finished-at="2018-11-19T18:39:24Z">
          <reporter-output>
          </reporter-output>
        </test-method> <!-- shouldAnswerWithTrue -->
      </class> <!-- JavaTesting.AppTest -->
    </test> <!-- Surefire test -->
  </suite> <!-- Surefire suite -->
</testng-results>
